{"D:\\create-prompt-extension\\prompter-web\\src\\lib\\utils.ts": {"path":"D:\\create-prompt-extension\\prompter-web\\src\\lib\\utils.ts","statementMap":{"0":{"start":{"line":5,"column":2},"end":{"line":5,"column":30}},"1":{"start":{"line":12,"column":54},"end":{"line":12,"column":58}},"2":{"start":{"line":14,"column":2},"end":{"line":17,"column":4}},"3":{"start":{"line":15,"column":4},"end":{"line":15,"column":39}},"4":{"start":{"line":15,"column":17},"end":{"line":15,"column":39}},"5":{"start":{"line":16,"column":4},"end":{"line":16,"column":52}},"6":{"start":{"line":16,"column":31},"end":{"line":16,"column":44}}},"fnMap":{"0":{"name":"cn","decl":{"start":{"line":4,"column":16},"end":{"line":4,"column":18}},"loc":{"start":{"line":4,"column":44},"end":{"line":6,"column":1}},"line":4},"1":{"name":"debounce","decl":{"start":{"line":8,"column":16},"end":{"line":8,"column":24}},"loc":{"start":{"line":11,"column":36},"end":{"line":18,"column":1}},"line":11},"2":{"name":"(anonymous_2)","decl":{"start":{"line":14,"column":9},"end":{"line":14,"column":10}},"loc":{"start":{"line":14,"column":42},"end":{"line":17,"column":3}},"line":14},"3":{"name":"(anonymous_3)","decl":{"start":{"line":16,"column":25},"end":{"line":16,"column":26}},"loc":{"start":{"line":16,"column":31},"end":{"line":16,"column":44}},"line":16}},"branchMap":{"0":{"loc":{"start":{"line":15,"column":4},"end":{"line":15,"column":39}},"type":"if","locations":[{"start":{"line":15,"column":4},"end":{"line":15,"column":39}},{"start":{},"end":{}}],"line":15}},"s":{"0":4,"1":4,"2":4,"3":7,"4":3,"5":7,"6":4},"f":{"0":4,"1":4,"2":7,"3":4},"b":{"0":[3,4]},"_coverageSchema":"1a1c01bbd47fc00a2c39e90264f33305004495a9","hash":"34a5be1c8a73f2ba669d0b12b8b797b4bf3a405d"}
}
